<?xml version="1.0" encoding="UTF-8"?>
<!-- Generated by org.testng.reporters.JUnitXMLReporter -->
<testsuite ignored="0" hostname="Kiran" failures="0" tests="6" name="Default test" time="21.584" errors="0" timestamp="2024-10-31T13:30:37 IST">
  <testcase classname="api.test.DataDrivenTests" name="testPostUser" time="4.324"/>
  <testcase classname="api.test.DataDrivenTests" name="testPostUser" time="2.425"/>
  <testcase classname="api.test.DataDrivenTests" name="testPostUser" time="7.062"/>
  <testcase classname="api.test.DataDrivenTests" name="testDeleteUserByName" time="1.236"/>
  <testcase classname="api.test.DataDrivenTests" name="testDeleteUserByName" time="3.236"/>
  <testcase classname="api.test.DataDrivenTests" name="testDeleteUserByName" time="1.249"/>
</testsuite> <!-- Default test -->
