<?xml version="1.0" encoding="UTF-8"?>
<testng-results ignored="0" total="4" passed="4" failed="0" skipped="0">
  <reporter-output>
  </reporter-output>
  <suite started-at="2024-10-31T18:59:13 IST" name="PetSuite" finished-at="2024-10-31T18:59:26 IST" duration-ms="13021">
    <groups>
    </groups>
    <test started-at="2024-10-31T18:59:13 IST" name="PetTests" finished-at="2024-10-31T18:59:26 IST" duration-ms="13021">
      <class name="api.test.UserTests">
        <test-method is-config="true" signature="setupData()[pri:0, instance:api.test.UserTests@60099951]" started-at="2024-10-31T18:59:13 IST" name="setupData" finished-at="2024-10-31T18:59:14 IST" duration-ms="321" status="PASS">
          <reporter-output>
          </reporter-output>
        </test-method> <!-- setupData -->
        <test-method signature="testPostUser()[pri:1, instance:api.test.UserTests@60099951]" started-at="2024-10-31T18:59:14 IST" name="testPostUser" finished-at="2024-10-31T18:59:19 IST" duration-ms="5317" status="PASS">
          <reporter-output>
          </reporter-output>
        </test-method> <!-- testPostUser -->
        <test-method signature="testGetUserByName()[pri:2, instance:api.test.UserTests@60099951]" started-at="2024-10-31T18:59:19 IST" name="testGetUserByName" finished-at="2024-10-31T18:59:20 IST" duration-ms="1437" status="PASS">
          <reporter-output>
          </reporter-output>
        </test-method> <!-- testGetUserByName -->
        <test-method signature="testUpdateUserByName()[pri:3, instance:api.test.UserTests@60099951]" started-at="2024-10-31T18:59:20 IST" name="testUpdateUserByName" finished-at="2024-10-31T18:59:24 IST" duration-ms="4018" status="PASS">
          <reporter-output>
          </reporter-output>
        </test-method> <!-- testUpdateUserByName -->
        <test-method signature="testDeleteUserByName()[pri:4, instance:api.test.UserTests@60099951]" started-at="2024-10-31T18:59:24 IST" name="testDeleteUserByName" finished-at="2024-10-31T18:59:26 IST" duration-ms="1343" status="PASS">
          <reporter-output>
          </reporter-output>
        </test-method> <!-- testDeleteUserByName -->
      </class> <!-- api.test.UserTests -->
    </test> <!-- PetTests -->
  </suite> <!-- PetSuite -->
</testng-results>
