<?xml version="1.0" encoding="UTF-8"?>
<!-- Generated by org.testng.reporters.JUnitXMLReporter -->
<testsuite ignored="0" hostname="Kiran" failures="0" tests="4" name="PetTests" time="11.151" errors="0" timestamp="2024-11-01T16:56:56 IST">
  <testcase classname="api.test.UserTests" name="testPostUser" time="4.501"/>
  <testcase classname="api.test.UserTests" name="testGetUserByName" time="1.395"/>
  <testcase classname="api.test.UserTests" name="testUpdateUserByName" time="3.193"/>
  <testcase classname="api.test.UserTests" name="testDeleteUserByName" time="1.382"/>
</testsuite> <!-- PetTests -->
