<?xml version="1.0" encoding="UTF-8"?>
<!-- Generated by org.testng.reporters.JUnitXMLReporter -->
<testsuite ignored="0" hostname="Kiran" failures="0" tests="4" name="PetTests" time="12.986" errors="0" timestamp="2024-10-31T19:56:04 IST">
  <testcase classname="api.test.UserTests" name="testPostUser" time="4.658"/>
  <testcase classname="api.test.UserTests" name="testGetUserByName" time="1.951"/>
  <testcase classname="api.test.UserTests" name="testUpdateUserByName" time="4.27"/>
  <testcase classname="api.test.UserTests" name="testDeleteUserByName" time="1.258"/>
</testsuite> <!-- PetTests -->
