<?xml version="1.0" encoding="UTF-8"?>
<!-- Generated by org.testng.reporters.JUnitXMLReporter -->
<testsuite ignored="0" hostname="Kiran" failures="0" tests="4" name="PetTests" time="13.021" errors="0" timestamp="2024-10-31T18:59:26 IST">
  <testcase classname="api.test.UserTests" name="testPostUser" time="5.317"/>
  <testcase classname="api.test.UserTests" name="testGetUserByName" time="1.437"/>
  <testcase classname="api.test.UserTests" name="testUpdateUserByName" time="4.018"/>
  <testcase classname="api.test.UserTests" name="testDeleteUserByName" time="1.343"/>
</testsuite> <!-- PetTests -->
